
ASEM-51 V1.3                                         Copyright (c) 2002 by W.W. Heinz                                         PAGE 1





       MCS-51 Family Macro Assembler   A S E M - 5 1   V 1.3
       =====================================================



	Source File:	E:\Users\wiktor\Desktop\Programowanie\lab11.asm
	Object File:	E:\Users\wiktor\Desktop\Programowanie\lab11.hex
	List File:	E:\Users\wiktor\Desktop\Programowanie\lab11.lst



 Line  I  Addr  Code            Source

    1:		B      00B4		E SET P3.4
    2:		B      00B5		RS SET P3.5
    3:		D      0090		DBs SET P1
    4:
    5:	  0000	02 01 00		LJMP INIT
    6:
    7:		N      0100		ORG 100H
    8:	  0100			INIT:
    9:	  0100	12 02 15		CALL FCT_SET
   10:	  0103	12 02 03		CALL DISP_ON
   11:	  0106	12 01 F3		CALL DISP_CLR
   12:	  0109	12 01 FC		CALL MOD_SET
   13:	  010C	12 01 50		CALL TEXT
   14:	  010F	02 01 12		LJMP MAIN
   15:	  0112			MAIN:
   16:	  0112	0F			INC R7
   17:	  0113	02 01 12		LJMP MAIN
   18:
   19:		N      0150		ORG 150H
   20:	  0150			TEXT:
   21:	  0150	74 20			MOV A, #' '
   22:	  0152	12 02 27		CALL DATA_W
   23:	  0155	74 20			MOV A, #' '
   24:	  0157	12 02 27		CALL DATA_W
   25:	  015A	74 20			MOV A, #' '
   26:	  015C	12 02 27		CALL DATA_W
   27:	  015F	74 54			MOV A, #'T'
   28:	  0161	12 02 27		CALL DATA_W
   29:	  0164	74 4D			MOV A, #'M'
   30:	  0166	12 02 27		CALL DATA_W
   31:	  0169	74 20			MOV A, #' '
   32:	  016B	12 02 27		CALL DATA_W
   33:	  016E	74 32			MOV A, #'2'
   34:	  0170	12 02 27		CALL DATA_W
   35:	  0173	74 30			MOV A, #'0'
   36:	  0175	12 02 27		CALL DATA_W
   37:	  0178	74 31			MOV A, #'1'
   38:	  017A	12 02 27		CALL DATA_W
   39:	  017D	74 37			MOV A, #'7'
   40:	  017F	12 02 27		CALL DATA_W
   41:	  0182	74 2F			MOV A, #'/'
   42:	  0184	12 02 27		CALL DATA_W
   43:	  0187	74 31			MOV A, #'1'

ASEM-51 V1.3                                         Copyright (c) 2002 by W.W. Heinz                                         PAGE 2



 Line  I  Addr  Code            Source

   44:	  0189	12 02 27		CALL DATA_W
   45:	  018C	74 38			MOV A, #'8'
   46:	  018E	12 02 27		CALL DATA_W
   47:
   48:	  0191	74 40			MOV A, #40H
   49:	  0193	12 02 1E		CALL DDRAM_SET
   50:	  0196	74 4C			MOV A, #'L'
   51:	  0198	12 02 27		CALL DATA_W
   52:	  019B	74 41			MOV A, #'A'
   53:	  019D	12 02 27		CALL DATA_W
   54:	  01A0	74 42			MOV A, #'B'
   55:	  01A2	12 02 27		CALL DATA_W
   56:	  01A5	74 4F			MOV A, #'O'
   57:	  01A7	12 02 27		CALL DATA_W
   58:	  01AA	74 52			MOV A, #'R'
   59:	  01AC	12 02 27		CALL DATA_W
   60:	  01AF	74 41			MOV A, #'A'
   61:	  01B1	12 02 27		CALL DATA_W
   62:	  01B4	74 54			MOV A, #'T'
   63:	  01B6	12 02 27		CALL DATA_W
   64:	  01B9	74 4F			MOV A, #'O'
   65:	  01BB	12 02 27		CALL DATA_W
   66:	  01BE	74 52			MOV A, #'R'
   67:	  01C0	12 02 27		CALL DATA_W
   68:	  01C3	74 49			MOV A, #'I'
   69:	  01C5	12 02 27		CALL DATA_W
   70:	  01C8	74 55			MOV A, #'U'
   71:	  01CA	12 02 27		CALL DATA_W
   72:	  01CD	74 4D			MOV A, #'M'
   73:	  01CF	12 02 27		CALL DATA_W
   74:	  01D2	74 20			MOV A, #' '
   75:	  01D4	12 02 27		CALL DATA_W
   76:	  01D7	74 20			MOV A, #' '
   77:	  01D9	12 02 27		CALL DATA_W
   78:	  01DC	74 31			MOV A, #'1'
   79:	  01DE	12 02 27		CALL DATA_W
   80:	  01E1	74 31			MOV A, #'1'
   81:	  01E3	12 02 27		CALL DATA_W
   82:	  01E6	22			RET
   83:
   84:	  01E7			FCT_SEND:
   85:	  01E7	D2 B4			SETB E
   86:	  01E9	C2 B5			CLR RS
   87:	  01EB	F5 90			MOV DBs, A
   88:	  01ED	C2 B4			CLR E
   89:	  01EF	12 02 37		CALL SLEEP
   90:	  01F2	22			RET
   91:
   92:	  01F3			DISP_CLR:
   93:	  01F3	74 01			MOV A, #00000001B
   94:	  01F5	78 03			MOV R0, #03
   95:	  01F7	79 E6			MOV R1, #230
   96:	  01F9	31 E7			CALL FCT_SEND
   97:	  01FB	22			RET
   98:	  01FC			MOD_SET:
   99:	  01FC	74 06			MOV A, #00000110B

ASEM-51 V1.3                                         Copyright (c) 2002 by W.W. Heinz                                         PAGE 3



 Line  I  Addr  Code            Source

  100:	  01FE	78 00			MOV R0, #00
  101:	  0200	79 18			MOV R1, #24
  102:	  0202	22			RET
  103:	  0203			DISP_ON:
  104:	  0203	74 0F			MOV A, #00001111B
  105:	  0205	78 00			MOV R0, #00
  106:	  0207	79 18			MOV R1, #24
  107:	  0209	31 E7			CALL FCT_SEND
  108:	  020B	22			RET
  109:	  020C			DISP_OFF:
  110:	  020C	74 00			MOV A, #00000000B
  111:	  020E	78 00			MOV R0, #00
  112:	  0210	79 18			MOV R1, #24
  113:	  0212	31 E7			CALL FCT_SEND
  114:	  0214	22			RET
  115:	  0215			FCT_SET:
  116:	  0215	74 38			MOV A, #00111000B
  117:	  0217	78 00			MOV R0, #00
  118:	  0219	79 18			MOV R1, #24
  119:	  021B	31 E7			CALL FCT_SEND
  120:	  021D	22			RET
  121:	  021E			DDRAM_SET:
  122:	  021E	44 80			ORL A, #10000000B
  123:	  0220	78 00			MOV R0, #00
  124:	  0222	79 18			MOV R1, #24
  125:	  0224	31 E7			CALL FCT_SEND
  126:	  0226	22			RET
  127:	  0227			DATA_W:
  128:	  0227	D2 B4			SETB E
  129:	  0229	D2 B5			SETB RS
  130:	  022B	F5 90			MOV DBs, A
  131:	  022D	C2 B4			CLR E
  132:	  022F	78 00			MOV R0, #00
  133:	  0231	79 18			MOV R1, #24
  134:	  0233	12 02 37		CALL SLEEP
  135:	  0236	22			RET
  136:
  137:	  0237			SLEEP:
  138:	  0237	D9 FE			DJNZ R1, SLEEP
  139:	  0239	B8 00 01		CJNE R0, #0, WAIT
  140:	  023C	22			RET
  141:	  023D			WAIT:
  142:	  023D	18			DEC R0
  143:	  023E	75 E0 FF		MOV ACC, #0FFH
  144:	  0241	80 F4			SJMP SLEEP
  145:				END





                     register banks used:  ---

                     no errors



ASEM-51 V1.3                                         Copyright (c) 2002 by W.W. Heinz                                         PAGE 4





ASEM-51 V1.3                                         Copyright (c) 2002 by W.W. Heinz                                         PAGE 5





	       L I S T   O F   S Y M B O L S
	       =============================


SYMBOL				  TYPE     VALUE	LINE
------------------------------------------------------------
??ASEM_51			  NUMBER    8051
??VERSION			  NUMBER    0130
AC				  BIT	      D6
ACC				  DATA	      E0
B				  DATA	      F0
CY				  BIT	      D7
DATA_W				  CODE	    0227	 127
DBS				  NUMBER    0090	   3
DDRAM_SET			  CODE	    021E	 121
DISP_CLR			  CODE	    01F3	  92
DISP_OFF			  CODE	    020C	 109
DISP_ON				  CODE	    0203	 103
DPH				  DATA	      83
DPL				  DATA	      82
E				  NUMBER    00B4	   1
EA				  BIT	      AF
ES				  BIT	      AC
ET0				  BIT	      A9
ET1				  BIT	      AB
EX0				  BIT	      A8
EX1				  BIT	      AA
EXTI0				  CODE	    0003
EXTI1				  CODE	    0013
F0				  BIT	      D5
FCT_SEND			  CODE	    01E7	  84
FCT_SET				  CODE	    0215	 115
IE				  DATA	      A8
IE0				  BIT	      89
IE1				  BIT	      8B
INIT				  CODE	    0100	   8
INT0				  BIT	      B2
INT1				  BIT	      B3
IP				  DATA	      B8
IT0				  BIT	      88
IT1				  BIT	      8A
MAIN				  CODE	    0112	  15
MOD_SET				  CODE	    01FC	  98
OV				  BIT	      D2
P				  BIT	      D0
P0				  DATA	      80
P1				  DATA	      90
P2				  DATA	      A0
P3				  DATA	      B0
PCON				  DATA	      87
PS				  BIT	      BC
PSW				  DATA	      D0
PT0				  BIT	      B9
PT1				  BIT	      BB
PX0				  BIT	      B8
PX1				  BIT	      BA

ASEM-51 V1.3                                         Copyright (c) 2002 by W.W. Heinz                                         PAGE 6



SYMBOL				  TYPE     VALUE	LINE
------------------------------------------------------------
RB8				  BIT	      9A
RD				  BIT	      B7
REN				  BIT	      9C
RESET				  CODE	    0000
RI				  BIT	      98
RS				  NUMBER    00B5	   2
RS0				  BIT	      D3
RS1				  BIT	      D4
RXD				  BIT	      B0
SBUF				  DATA	      99
SCON				  DATA	      98
SINT				  CODE	    0023
SLEEP				  CODE	    0237	 137
SM0				  BIT	      9F
SM1				  BIT	      9E
SM2				  BIT	      9D
SP				  DATA	      81
T0				  BIT	      B4
T1				  BIT	      B5
TB8				  BIT	      9B
TCON				  DATA	      88
TEXT				  CODE	    0150	  20
TF0				  BIT	      8D
TF1				  BIT	      8F
TH0				  DATA	      8C
TH1				  DATA	      8D
TI				  BIT	      99
TIMER0				  CODE	    000B
TIMER1				  CODE	    001B
TL0				  DATA	      8A
TL1				  DATA	      8B
TMOD				  DATA	      89
TR0				  BIT	      8C
TR1				  BIT	      8E
TXD				  BIT	      B1
WAIT				  CODE	    023D	 141
WR				  BIT	      B6
