
ASEM-51 V1.3                                         Copyright (c) 2002 by W.W. Heinz                                         PAGE 1





       MCS-51 Family Macro Assembler   A S E M - 5 1   V 1.3
       =====================================================



	Source File:	E:\Users\wiktor\Desktop\Programowanie\LCD.ASM
	Object File:	E:\Users\wiktor\Desktop\Programowanie\LCD.hex
	List File:	E:\Users\wiktor\Desktop\Programowanie\LCD.lst



 Line  I  Addr  Code            Source

    1:		N      0050	ORG 50H
    2:	  0050			INIT:
    3:	  0050	7F 32		MOV R7, #50D
    4:	  0052	7E FA		MOV R6, #250D
    5:
    6:	  0054	C2 B5		CLR P3.5 ;RS
    7:	  0056	75 90 38	MOV P1, #00111000B
    8:	  0059	D2 B4		SETB P3.4
    9:	  005B	C2 B4		CLR P3.4
   10:	  005D	12 02 00	CALL DELAY50
   11:
   12:	  0060	75 90 08	MOV P1, #00001000B
   13:	  0063	D2 B4		SETB P3.4
   14:	  0065	C2 B4		CLR P3.4
   15:	  0067	12 02 00	CALL DELAY50
   16:
   17:	  006A	75 90 01	MOV P1,  #00000001B
   18:	  006D	D2 B4		SETB P3.4
   19:	  006F	C2 B4		CLR P3.4
   20:	  0071	12 02 03	CALL DELAY2000
   21:
   22:	  0074	75 90 06	MOV P1, #00000110B
   23:	  0077	D2 B4		SETB P3.4
   24:	  0079	C2 B4		CLR P3.4
   25:	  007B	12 02 00	CALL DELAY50
   26:
   27:	  007E	75 90 0F	MOV P1, #00001111B
   28:	  0081	D2 B4		SETB P3.4
   29:	  0083	C2 B4		CLR P3.4
   30:	  0085	12 02 00	CALL DELAY50
   31:
   32:
   33:
   34:	  0088	74 20		MOV A, #' '
   35:	  008A	12 02 09	CALL DISP
   36:
   37:	  008D	74 20		MOV A, #' '
   38:	  008F	12 02 09	CALL DISP
   39:
   40:	  0092	74 20		MOV A, #' '
   41:	  0094	12 02 09	CALL DISP
   42:
   43:	  0097	74 54		MOV A, #'T'

ASEM-51 V1.3                                         Copyright (c) 2002 by W.W. Heinz                                         PAGE 2



 Line  I  Addr  Code            Source

   44:	  0099	12 02 09	CALL DISP
   45:
   46:	  009C	74 4D		MOV A, #'M'
   47:	  009E	12 02 09	CALL DISP
   48:
   49:	  00A1	74 20		MOV A, #' '
   50:	  00A3	12 02 09	CALL DISP
   51:
   52:	  00A6	74 32		MOV A, #'2'
   53:	  00A8	12 02 09	CALL DISP
   54:
   55:	  00AB	74 30		MOV A, #'0'
   56:	  00AD	12 02 09	CALL DISP
   57:
   58:	  00B0	74 31		MOV A, #'1'
   59:	  00B2	12 02 09	CALL DISP
   60:
   61:	  00B5	74 37		MOV A, #'7'
   62:	  00B7	12 02 09	CALL DISP
   63:
   64:	  00BA	74 2F		MOV A, #'/'
   65:	  00BC	12 02 09	CALL DISP
   66:
   67:	  00BF	74 31		MOV A, #'1'
   68:	  00C1	12 02 09	CALL DISP
   69:
   70:	  00C4	74 38		MOV A, #'8'
   71:	  00C6	12 02 09	CALL DISP
   72:
   73:	  00C9	74 20		MOV A, #' '
   74:	  00CB	12 02 09	CALL DISP
   75:
   76:	  00CE	74 20		MOV A, #' '
   77:	  00D0	12 02 09	CALL DISP
   78:
   79:	  00D3	74 20		MOV A, #' '
   80:	  00D5	12 02 09	CALL DISP
   81:
   82:	  00D8	12 02 14			CALL CMD
   83:
   84:	  00DB	74 4C		MOV A, #'L'
   85:	  00DD	12 02 09	CALL DISP
   86:
   87:	  00E0	74 41		MOV A, #'A'
   88:	  00E2	12 02 09	CALL DISP
   89:
   90:	  00E5	74 42		MOV A, #'B'
   91:	  00E7	12 02 09	CALL DISP
   92:
   93:	  00EA	74 4F		MOV A, #'O'
   94:	  00EC	12 02 09	CALL DISP
   95:
   96:	  00EF	74 52		MOV A, #'R'
   97:	  00F1	12 02 09	CALL DISP
   98:
   99:	  00F4	74 41		MOV A, #'A'

ASEM-51 V1.3                                         Copyright (c) 2002 by W.W. Heinz                                         PAGE 3



 Line  I  Addr  Code            Source

  100:	  00F6	12 02 09	CALL DISP
  101:
  102:	  00F9	74 54		MOV A, #'T'
  103:	  00FB	12 02 09	CALL DISP
  104:
  105:	  00FE	74 4F		MOV A, #'O'
  106:	  0100	12 02 09	CALL DISP
  107:
  108:	  0103	74 52		MOV A, #'R'
  109:	  0105	12 02 09	CALL DISP
  110:
  111:	  0108	74 49		MOV A, #'I'
  112:	  010A	12 02 09	CALL DISP
  113:
  114:	  010D	74 55		MOV A, #'U'
  115:	  010F	12 02 09	CALL DISP
  116:
  117:	  0112	74 4D		MOV A, #'M'
  118:	  0114	12 02 09	CALL DISP
  119:
  120:	  0117	74 20		MOV A, #' '
  121:	  0119	12 02 09	CALL DISP
  122:
  123:	  011C	74 20		MOV A, #' '
  124:	  011E	12 02 09	CALL DISP
  125:
  126:	  0121	74 31		MOV A, #'1'
  127:	  0123	12 02 09	CALL DISP
  128:
  129:	  0126	74 31		MOV A, #'1'
  130:	  0128	12 02 09	CALL DISP
  131:
  132:	  012B	02 01 00	LJMP PROGRAM
  133:
  134:		N      0100	ORG 100H
  135:	  0100			PROGRAM:
  136:	  0100	09			INC R1
  137:
  138:	  0101	02 01 00	LJMP PROGRAM
  139:
  140:		N      0200	ORG 200H ;PROCEDURKI
  141:
  142:	  0200			DELAY50:
  143:	  0200				LABEL50:
  144:	  0200	DF FE			DJNZ R7, LABEL50
  145:	  0202	22		RET
  146:
  147:	  0203			DELAY2000:
  148:	  0203				LABEL2000:
  149:	  0203	00			NOP
  150:	  0204	00			NOP
  151:	  0205	00			NOP
  152:	  0206	DE FB			DJNZ R6, LABEL2000
  153:	  0208	22		RET
  154:
  155:	  0209			DISP:

ASEM-51 V1.3                                         Copyright (c) 2002 by W.W. Heinz                                         PAGE 4



 Line  I  Addr  Code            Source

  156:	  0209	D2 B5			SETB P3.5
  157:	  020B	F5 90			MOV P1, A
  158:	  020D	D2 B4			SETB P3.4
  159:	  020F	C2 B4			CLR P3.4
  160:	  0211	51 00			CALL DELAY50
  161:	  0213	22		RET
  162:	  0214			CMD:
  163:	  0214	C2 B5			CLR P3.5
  164:	  0216	75 90 C0		MOV P1, #11000000B
  165:	  0219	D2 B4			SETB P3.4
  166:	  021B	C2 B4			CLR P3.4
  167:	  021D	51 00			CALL DELAY50
  168:	  021F	22		RET
  169:				END





                     register banks used:  ---

                     no errors




ASEM-51 V1.3                                         Copyright (c) 2002 by W.W. Heinz                                         PAGE 5





	       L I S T   O F   S Y M B O L S
	       =============================


SYMBOL				  TYPE     VALUE	LINE
------------------------------------------------------------
??ASEM_51			  NUMBER    8051
??VERSION			  NUMBER    0130
AC				  BIT	      D6
ACC				  DATA	      E0
B				  DATA	      F0
CMD				  CODE	    0214	 162
CY				  BIT	      D7
DELAY2000			  CODE	    0203	 147
DELAY50				  CODE	    0200	 142
DISP				  CODE	    0209	 155
DPH				  DATA	      83
DPL				  DATA	      82
EA				  BIT	      AF
ES				  BIT	      AC
ET0				  BIT	      A9
ET1				  BIT	      AB
EX0				  BIT	      A8
EX1				  BIT	      AA
EXTI0				  CODE	    0003
EXTI1				  CODE	    0013
F0				  BIT	      D5
IE				  DATA	      A8
IE0				  BIT	      89
IE1				  BIT	      8B
INIT				  CODE	    0050	   2
INT0				  BIT	      B2
INT1				  BIT	      B3
IP				  DATA	      B8
IT0				  BIT	      88
IT1				  BIT	      8A
LABEL2000			  CODE	    0203	 148
LABEL50				  CODE	    0200	 143
OV				  BIT	      D2
P				  BIT	      D0
P0				  DATA	      80
P1				  DATA	      90
P2				  DATA	      A0
P3				  DATA	      B0
PCON				  DATA	      87
PROGRAM				  CODE	    0100	 135
PS				  BIT	      BC
PSW				  DATA	      D0
PT0				  BIT	      B9
PT1				  BIT	      BB
PX0				  BIT	      B8
PX1				  BIT	      BA
RB8				  BIT	      9A
RD				  BIT	      B7
REN				  BIT	      9C
RESET				  CODE	    0000

ASEM-51 V1.3                                         Copyright (c) 2002 by W.W. Heinz                                         PAGE 6



SYMBOL				  TYPE     VALUE	LINE
------------------------------------------------------------
RI				  BIT	      98
RS0				  BIT	      D3
RS1				  BIT	      D4
RXD				  BIT	      B0
SBUF				  DATA	      99
SCON				  DATA	      98
SINT				  CODE	    0023
SM0				  BIT	      9F
SM1				  BIT	      9E
SM2				  BIT	      9D
SP				  DATA	      81
T0				  BIT	      B4
T1				  BIT	      B5
TB8				  BIT	      9B
TCON				  DATA	      88
TF0				  BIT	      8D
TF1				  BIT	      8F
TH0				  DATA	      8C
TH1				  DATA	      8D
TI				  BIT	      99
TIMER0				  CODE	    000B
TIMER1				  CODE	    001B
TL0				  DATA	      8A
TL1				  DATA	      8B
TMOD				  DATA	      89
TR0				  BIT	      8C
TR1				  BIT	      8E
TXD				  BIT	      B1
WR				  BIT	      B6
